{
  "/Users/juan.mendoza/extra-git/webpack-grekz/src/components/atoms/Icon/Icon.jsx": {
    "path":
      "/Users/juan.mendoza/extra-git/webpack-grekz/src/components/atoms/Icon/Icon.jsx",
    "statementMap": {
      "0": {
        "start": { "line": 3, "column": 14 },
        "end": { "line": 25, "column": 1 }
      },
      "1": {
        "start": { "line": 27, "column": 13 },
        "end": { "line": 31, "column": 1 }
      },
      "2": {
        "start": { "line": 28, "column": 2 },
        "end": { "line": 30, "column": 8 }
      }
    },
    "fnMap": {
      "0": {
        "name": "(anonymous_0)",
        "decl": {
          "start": { "line": 27, "column": 13 },
          "end": { "line": 27, "column": 14 }
        },
        "loc": {
          "start": { "line": 28, "column": 2 },
          "end": { "line": 30, "column": 8 }
        },
        "line": 28
      }
    },
    "branchMap": {},
    "s": { "0": 1, "1": 1, "2": 3 },
    "f": { "0": 3 },
    "b": {},
    "_coverageSchema": "332fd63041d2c1bcb487cc26dd0d5f7d97098a6c",
    "hash": "733abc2db7b85c59272af67e24b7eb4dfb9b9389"
  },
  "/Users/juan.mendoza/extra-git/webpack-grekz/src/components/atoms/Img/Img.jsx": {
    "path":
      "/Users/juan.mendoza/extra-git/webpack-grekz/src/components/atoms/Img/Img.jsx",
    "statementMap": {
      "0": {
        "start": { "line": 3, "column": 12 },
        "end": { "line": 3, "column": 39 }
      },
      "1": {
        "start": { "line": 3, "column": 21 },
        "end": { "line": 3, "column": 39 }
      }
    },
    "fnMap": {
      "0": {
        "name": "(anonymous_0)",
        "decl": {
          "start": { "line": 3, "column": 12 },
          "end": { "line": 3, "column": 13 }
        },
        "loc": {
          "start": { "line": 3, "column": 21 },
          "end": { "line": 3, "column": 39 }
        },
        "line": 3
      }
    },
    "branchMap": {},
    "s": { "0": 1, "1": 3 },
    "f": { "0": 3 },
    "b": {},
    "_coverageSchema": "332fd63041d2c1bcb487cc26dd0d5f7d97098a6c",
    "hash": "7c123905bf759fa21ad27a9899b00eed39cb6444"
  },
  "/Users/juan.mendoza/extra-git/webpack-grekz/src/components/atoms/Text/Text.jsx": {
    "path":
      "/Users/juan.mendoza/extra-git/webpack-grekz/src/components/atoms/Text/Text.jsx",
    "statementMap": {
      "0": {
        "start": { "line": 3, "column": 13 },
        "end": { "line": 3, "column": 45 }
      },
      "1": {
        "start": { "line": 3, "column": 22 },
        "end": { "line": 3, "column": 45 }
      }
    },
    "fnMap": {
      "0": {
        "name": "(anonymous_0)",
        "decl": {
          "start": { "line": 3, "column": 13 },
          "end": { "line": 3, "column": 14 }
        },
        "loc": {
          "start": { "line": 3, "column": 22 },
          "end": { "line": 3, "column": 45 }
        },
        "line": 3
      }
    },
    "branchMap": {},
    "s": { "0": 1, "1": 3 },
    "f": { "0": 3 },
    "b": {},
    "_coverageSchema": "332fd63041d2c1bcb487cc26dd0d5f7d97098a6c",
    "hash": "2652d43b1fee87cdcb4bc2dac5062582599f3076"
  }
}
