TN:
SF:/Users/juan.mendoza/extra-git/webpack-grekz/src/components/atoms/Icon/Icon.jsx
FN:27,(anonymous_0)
FNF:1
FNH:1
FNDA:3,(anonymous_0)
DA:3,1
DA:27,1
DA:28,3
LF:3
LH:3
BRF:0
BRH:0
end_of_record
TN:
SF:/Users/juan.mendoza/extra-git/webpack-grekz/src/components/atoms/Img/Img.jsx
FN:3,(anonymous_0)
FNF:1
FNH:1
FNDA:3,(anonymous_0)
DA:3,3
LF:1
LH:1
BRF:0
BRH:0
end_of_record
TN:
SF:/Users/juan.mendoza/extra-git/webpack-grekz/src/components/atoms/Text/Text.jsx
FN:3,(anonymous_0)
FNF:1
FNH:1
FNDA:3,(anonymous_0)
DA:3,3
LF:1
LH:1
BRF:0
BRH:0
end_of_record
